Using pre-set license
Built from '2020.3/staging' branch; Version is '2020.3.16f1 (049d6eca3c44) revision 302446'; Using compiler version '192528614'; Build Type 'Release'
OS: 'Windows 10 Pro; OS build 19043.1165; Version 2009; 64bit' Language: 'en' Physical Memory: 8009 MB
BatchMode: 1, IsHumanControllingUs: 0, StartBugReporterOnCrash: 0, Is64bit: 1, IsPro: 0

 COMMAND LINE ARGUMENTS:
C:\Program Files\2020.3.16f1\Editor\Unity.exe
-adb2
-batchMode
-noUpm
-name
AssetImportWorker0
-projectPath
F:/Game Dev Work/GitHub Clones/FullBodyFPS_Controller/My project
-logFile
Logs/AssetImportWorker0.log
-srvPort
53713
Successfully changed project path to: F:/Game Dev Work/GitHub Clones/FullBodyFPS_Controller/My project
F:/Game Dev Work/GitHub Clones/FullBodyFPS_Controller/My project
Using Asset Import Pipeline V2.
Refreshing native plugins compatible for Editor in 163.56 ms, found 2 plugins.
Preloading 0 native plugins for Editor in 0.00 ms.
Initialize engine version: 2020.3.16f1 (049d6eca3c44)
[Subsystems] Discovering subsystems at path C:/Program Files/2020.3.16f1/Editor/Data/Resources/UnitySubsystems
[Subsystems] Discovering subsystems at path F:/Game Dev Work/GitHub Clones/FullBodyFPS_Controller/My project/Assets
GfxDevice: creating device client; threaded=0
Direct3D:
    Version:  Direct3D 11.0 [level 11.1]
    Renderer: Intel(R) HD Graphics 4600 (ID=0x412)
    Vendor:   
    VRAM:     2048 MB
    Driver:   20.19.15.4963
Initialize mono
Mono path[0] = 'C:/Program Files/2020.3.16f1/Editor/Data/Managed'
Mono path[1] = 'C:/Program Files/2020.3.16f1/Editor/Data/MonoBleedingEdge/lib/mono/unityjit'
Mono config path = 'C:/Program Files/2020.3.16f1/Editor/Data/MonoBleedingEdge/etc'
Using monoOptions --debugger-agent=transport=dt_socket,embedding=1,server=y,suspend=n,address=127.0.0.1:56400
Begin MonoManager ReloadAssembly
Registering precompiled unity dll's ...
Register platform support module: C:/Program Files/2020.3.16f1/Editor/Data/PlaybackEngines/WindowsStandaloneSupport/UnityEditor.WindowsStandalone.Extensions.dll
Registered in 0.002402 seconds.
Native extension for WindowsStandalone target not found
Refreshing native plugins compatible for Editor in 32.03 ms, found 2 plugins.
Preloading 0 native plugins for Editor in 0.00 ms.
Mono: successfully reloaded assembly
- Completed reload, in  2.872 seconds
Domain Reload Profiling:
	ReloadAssembly (2873ms)
		BeginReloadAssembly (68ms)
			ExecutionOrderSort (0ms)
			DisableScriptedObjects (0ms)
			BackupInstance (0ms)
			ReleaseScriptingObjects (0ms)
			CreateAndSetChildDomain (1ms)
		EndReloadAssembly (539ms)
			LoadAssemblies (64ms)
			RebuildTransferFunctionScriptingTraits (0ms)
			SetupTypeCache (205ms)
			ReleaseScriptCaches (0ms)
			RebuildScriptCaches (38ms)
			SetupLoadedEditorAssemblies (202ms)
				LogAssemblyErrors (0ms)
				InitializePlatformSupportModulesInManaged (5ms)
				SetLoadedEditorAssemblies (0ms)
				RefreshPlugins (32ms)
				BeforeProcessingInitializeOnLoad (21ms)
				ProcessInitializeOnLoadAttributes (108ms)
				ProcessInitializeOnLoadMethodAttributes (36ms)
				AfterProcessingInitializeOnLoad (0ms)
				EditorAssembliesLoaded (0ms)
			ExecutionOrderSort2 (0ms)
			AwakeInstancesAfterBackupRestoration (0ms)
Platform modules already initialized, skipping
Registering precompiled user dll's ...
Registered in 0.034391 seconds.
Begin MonoManager ReloadAssembly
Native extension for WindowsStandalone target not found
Refreshing native plugins compatible for Editor in 0.52 ms, found 2 plugins.
Preloading 0 native plugins for Editor in 0.00 ms.
Mono: successfully reloaded assembly
- Completed reload, in  1.359 seconds
Domain Reload Profiling:
	ReloadAssembly (1360ms)
		BeginReloadAssembly (181ms)
			ExecutionOrderSort (0ms)
			DisableScriptedObjects (6ms)
			BackupInstance (0ms)
			ReleaseScriptingObjects (0ms)
			CreateAndSetChildDomain (24ms)
		EndReloadAssembly (1102ms)
			LoadAssemblies (103ms)
			RebuildTransferFunctionScriptingTraits (0ms)
			SetupTypeCache (364ms)
			ReleaseScriptCaches (0ms)
			RebuildScriptCaches (48ms)
			SetupLoadedEditorAssemblies (478ms)
				LogAssemblyErrors (0ms)
				InitializePlatformSupportModulesInManaged (6ms)
				SetLoadedEditorAssemblies (1ms)
				RefreshPlugins (1ms)
				BeforeProcessingInitializeOnLoad (103ms)
				ProcessInitializeOnLoadAttributes (355ms)
				ProcessInitializeOnLoadMethodAttributes (6ms)
				AfterProcessingInitializeOnLoad (7ms)
				EditorAssembliesLoaded (0ms)
			ExecutionOrderSort2 (0ms)
			AwakeInstancesAfterBackupRestoration (8ms)
Platform modules already initialized, skipping
========================================================================
Worker process is ready to serve import requests
Launched and connected shader compiler UnityShaderCompiler.exe after 0.10 seconds
Refreshing native plugins compatible for Editor in 0.45 ms, found 2 plugins.
Preloading 0 native plugins for Editor in 0.00 ms.
Unloading 1397 Unused Serialized files (Serialized files now loaded: 0)
System memory in use before: 64.9 MB.
System memory in use after: 64.9 MB.

Unloading 18 unused Assets to reduce memory usage. Loaded Objects now: 1830.
Total: 4.134700 ms (FindLiveObjects: 0.290300 ms CreateObjectMapping: 0.132400 ms MarkObjects: 3.615600 ms  DeleteObjects: 0.094300 ms)

AssetImportParameters requested are different than current active one (requested -> active):
  custom:framework-win-MediaFoundation: 216162199b28c13a410421893ffa2e32 -> 
  custom:video-decoder-ogg-theora: a1e56fd34408186e4bbccfd4996cb3dc -> 
  custom:container-muxer-webm: aa71ff27fc2769a1b78a27578f13a17b -> 
  custom:container-demuxer-webm: 4f35f7cbe854078d1ac9338744f61a02 -> 
  custom:container-demuxer-ogg: 62fdf1f143b41e24485cea50d1cbac27 -> 
  custom:video-encoder-webm-vp8: eb34c28f22e8b96e1ab97ce403110664 -> 
  custom:video-decoder-webm-vp8: 9c59270c3fd7afecdb556c50c9e8de78 -> 
  custom:audio-decoder-ogg-vorbis: bf7c407c2cedff20999df2af8eb42d56 -> 
  custom:audio-encoder-webm-vorbis: bf7c407c2cedff20999df2af8eb42d56 -> 
========================================================================
Received Import Request.
  path: Assets
  artifactKey: Guid(00000000000000001000000000000000) Importer(815301076,1909f56bfc062723c751e8b465ee728b)
Start importing Assets using Guid(00000000000000001000000000000000) Importer(815301076,1909f56bfc062723c751e8b465ee728b)  -> (artifact id: '42d402b061de3733987d63b9cc3b64de') in 0.013117 seconds 
  Import took 0.030220 seconds .

========================================================================
Received Import Request.
  Time since last request: 0.000242 seconds.
  path: Assets/Scripts
  artifactKey: Guid(932e85e7cbf67d6429b0273fe4961baf) Importer(815301076,1909f56bfc062723c751e8b465ee728b)
Start importing Assets/Scripts using Guid(932e85e7cbf67d6429b0273fe4961baf) Importer(815301076,1909f56bfc062723c751e8b465ee728b)  -> (artifact id: '936a54d7e0327a03961653e2ef051d60') in 0.025981 seconds 
  Import took 0.030064 seconds .

========================================================================
Received Import Request.
  Time since last request: 3.417459 seconds.
  path: Assets/Materials
  artifactKey: Guid(76dc9a9136146044ba8005c70dd39f4f) Importer(815301076,1909f56bfc062723c751e8b465ee728b)
Start importing Assets/Materials using Guid(76dc9a9136146044ba8005c70dd39f4f) Importer(815301076,1909f56bfc062723c751e8b465ee728b)  -> (artifact id: '463b4b56d03d5b6d7065c0b7be4444ff') in 0.016285 seconds 
  Import took 0.022746 seconds .

========================================================================
Received Import Request.
  Time since last request: 7.835714 seconds.
  path: Assets/Textures
  artifactKey: Guid(f36c6950a9e42484795c57e7beae7734) Importer(815301076,1909f56bfc062723c751e8b465ee728b)
Start importing Assets/Textures using Guid(f36c6950a9e42484795c57e7beae7734) Importer(815301076,1909f56bfc062723c751e8b465ee728b)  -> (artifact id: '48f54c9bedcead82783ef0d63bc96db7') in 0.013570 seconds 
  Import took 0.028889 seconds .

========================================================================
Received Import Request.
  Time since last request: 42.241895 seconds.
  path: Assets/Models/soldier.fbx
  artifactKey: Guid(d74bee49a80b97947b1444b382a87cbe) Importer(815301076,1909f56bfc062723c751e8b465ee728b)
Start importing Assets/Models/soldier.fbx using Guid(d74bee49a80b97947b1444b382a87cbe) Importer(815301076,1909f56bfc062723c751e8b465ee728b)  -> (artifact id: '26c69a115540d5f2ddeaf7928972269f') in 0.660538 seconds 
  Import took 0.670618 seconds .

========================================================================
Received Import Request.
  Time since last request: 11.684587 seconds.
  path: Assets/Models/soldier.fbx
  artifactKey: Guid(d74bee49a80b97947b1444b382a87cbe) Importer(815301076,1909f56bfc062723c751e8b465ee728b)
Start importing Assets/Models/soldier.fbx using Guid(d74bee49a80b97947b1444b382a87cbe) Importer(815301076,1909f56bfc062723c751e8b465ee728b)  -> (artifact id: '21f85341ab616fce3026403731d58b4e') in 0.190874 seconds 
  Import took 0.209546 seconds .

========================================================================
Received Import Request.
  Time since last request: 5.451232 seconds.
  path: Assets/Models/soldier.fbx
  artifactKey: Guid(d74bee49a80b97947b1444b382a87cbe) Importer(815301076,1909f56bfc062723c751e8b465ee728b)
Start importing Assets/Models/soldier.fbx using Guid(d74bee49a80b97947b1444b382a87cbe) Importer(815301076,1909f56bfc062723c751e8b465ee728b)  -> (artifact id: '38144dbbfba0c61c4977993948c19411') in 0.180784 seconds 
  Import took 0.185598 seconds .

========================================================================
Received Import Request.
  Time since last request: 103.223207 seconds.
  path: Assets/Models/soldier.fbx
  artifactKey: Guid(d74bee49a80b97947b1444b382a87cbe) Importer(815301076,1909f56bfc062723c751e8b465ee728b)
Start importing Assets/Models/soldier.fbx using Guid(d74bee49a80b97947b1444b382a87cbe) Importer(815301076,1909f56bfc062723c751e8b465ee728b)  -> (artifact id: 'f448d585c9f4738baf72b095771ce9ad') in 0.209881 seconds 
  Import took 0.225465 seconds .

========================================================================
Received Import Request.
  Time since last request: 16.317985 seconds.
  path: Assets/Models/soldier.fbx
  artifactKey: Guid(d74bee49a80b97947b1444b382a87cbe) Importer(815301076,1909f56bfc062723c751e8b465ee728b)
Start importing Assets/Models/soldier.fbx using Guid(d74bee49a80b97947b1444b382a87cbe) Importer(815301076,1909f56bfc062723c751e8b465ee728b)  -> (artifact id: 'f0055f8dc101eb1a04c25be76ad0cc46') in 0.215752 seconds 
  Import took 0.223895 seconds .

========================================================================
Received Import Request.
  Time since last request: 48.115174 seconds.
  path: Assets/Models/soldier/soldier.obj
  artifactKey: Guid(7917f2888004448418ddc572e21e2af0) Importer(815301076,1909f56bfc062723c751e8b465ee728b)
Start importing Assets/Models/soldier/soldier.obj using Guid(7917f2888004448418ddc572e21e2af0) Importer(815301076,1909f56bfc062723c751e8b465ee728b)  -> (artifact id: '8013d8d5af82f756577ae889f9174192') in 0.302097 seconds 
  Import took 0.307342 seconds .

========================================================================
Received Import Request.
  Time since last request: 12.020454 seconds.
  path: Assets/Models/soldier/soldier.obj
  artifactKey: Guid(7917f2888004448418ddc572e21e2af0) Importer(815301076,1909f56bfc062723c751e8b465ee728b)
Start importing Assets/Models/soldier/soldier.obj using Guid(7917f2888004448418ddc572e21e2af0) Importer(815301076,1909f56bfc062723c751e8b465ee728b)  -> (artifact id: '66acbacb03a14032038cc4902a70d09e') in 0.176177 seconds 
  Import took 0.181328 seconds .

========================================================================
Received Import Request.
  Time since last request: 23.709683 seconds.
  path: Assets/Models/soldier
  artifactKey: Guid(5a77e4eed9f4d164282218104564a4ee) Importer(815301076,1909f56bfc062723c751e8b465ee728b)
Start importing Assets/Models/soldier using Guid(5a77e4eed9f4d164282218104564a4ee) Importer(815301076,1909f56bfc062723c751e8b465ee728b)  -> (artifact id: '6ca26a006d44a735e67200522e96f1b4') in 0.002754 seconds 
  Import took 0.006539 seconds .

========================================================================
Received Import Request.
  Time since last request: 1.366132 seconds.
  path: Assets/Models/soldier/soldier.mtl
  artifactKey: Guid(28dcd9939a0b5b14ab916ce5699b5895) Importer(815301076,1909f56bfc062723c751e8b465ee728b)
Start importing Assets/Models/soldier/soldier.mtl using Guid(28dcd9939a0b5b14ab916ce5699b5895) Importer(815301076,1909f56bfc062723c751e8b465ee728b)  -> (artifact id: '2e53104e92c7907dbeca1a6ab613d5bc') in 0.011347 seconds 
  Import took 0.018969 seconds .

========================================================================
Received Import Request.
  Time since last request: 0.005679 seconds.
  path: Assets/Models/soldier/soldier.mtl
  artifactKey: Guid(28dcd9939a0b5b14ab916ce5699b5895) Importer(815301076,1909f56bfc062723c751e8b465ee728b)
Start importing Assets/Models/soldier/soldier.mtl using Guid(28dcd9939a0b5b14ab916ce5699b5895) Importer(815301076,1909f56bfc062723c751e8b465ee728b)  -> (artifact id: '2e53104e92c7907dbeca1a6ab613d5bc') in 0.003525 seconds 
  Import took 0.013645 seconds .

========================================================================
Received Import Request.
  Time since last request: 6.239473 seconds.
  path: Assets/Models/soldier/soldier.obj
  artifactKey: Guid(7917f2888004448418ddc572e21e2af0) Importer(815301076,1909f56bfc062723c751e8b465ee728b)
Start importing Assets/Models/soldier/soldier.obj using Guid(7917f2888004448418ddc572e21e2af0) Importer(815301076,1909f56bfc062723c751e8b465ee728b)  -> (artifact id: 'b79b6becd5b65315e7b4598f3756e4b6') in 0.174913 seconds 
  Import took 0.182315 seconds .

========================================================================
Received Import Request.
  Time since last request: 9.077381 seconds.
  path: Assets/Models/soldier/Materials
  artifactKey: Guid(5de89144364f3cf408febd5a22e334d4) Importer(815301076,1909f56bfc062723c751e8b465ee728b)
Start importing Assets/Models/soldier/Materials using Guid(5de89144364f3cf408febd5a22e334d4) Importer(815301076,1909f56bfc062723c751e8b465ee728b)  -> (artifact id: '7d7caee655b7f79c0aace0825d17688e') in 0.011679 seconds 
  Import took 0.020170 seconds .

========================================================================
Received Import Request.
  Time since last request: 0.004905 seconds.
  path: Assets/Models/soldier/Materials
  artifactKey: Guid(5de89144364f3cf408febd5a22e334d4) Importer(815301076,1909f56bfc062723c751e8b465ee728b)
Start importing Assets/Models/soldier/Materials using Guid(5de89144364f3cf408febd5a22e334d4) Importer(815301076,1909f56bfc062723c751e8b465ee728b)  -> (artifact id: '7d7caee655b7f79c0aace0825d17688e') in 0.003305 seconds 
  Import took 0.007158 seconds .

========================================================================
Received Import Request.
  Time since last request: 110.304064 seconds.
  path: Assets/Models
  artifactKey: Guid(55bb7fb471811d74390fa929a58cf824) Importer(815301076,1909f56bfc062723c751e8b465ee728b)
Start importing Assets/Models using Guid(55bb7fb471811d74390fa929a58cf824) Importer(815301076,1909f56bfc062723c751e8b465ee728b)  -> (artifact id: 'c8cd5e28c5c5e5b3a220f1f1d50e91e1') in 0.020247 seconds 
  Import took 0.024881 seconds .

========================================================================
Received Import Request.
  Time since last request: 0.009219 seconds.
  path: Assets/Models
  artifactKey: Guid(55bb7fb471811d74390fa929a58cf824) Importer(815301076,1909f56bfc062723c751e8b465ee728b)
Start importing Assets/Models using Guid(55bb7fb471811d74390fa929a58cf824) Importer(815301076,1909f56bfc062723c751e8b465ee728b)  -> (artifact id: 'c8cd5e28c5c5e5b3a220f1f1d50e91e1') in 0.002491 seconds 
  Import took 0.008181 seconds .

========================================================================
Received Import Request.
  Time since last request: 4.234737 seconds.
  path: Assets/Textures/soldier.mtl
  artifactKey: Guid(a234cc0a6b32bfc49a0a5abc1ae6cf1d) Importer(815301076,1909f56bfc062723c751e8b465ee728b)
Start importing Assets/Textures/soldier.mtl using Guid(a234cc0a6b32bfc49a0a5abc1ae6cf1d) Importer(815301076,1909f56bfc062723c751e8b465ee728b)  -> (artifact id: '934c7a4dc6c34e00f67d44484505fef2') in 0.011343 seconds 
  Import took 0.020767 seconds .

========================================================================
Received Import Request.
  Time since last request: 25.105670 seconds.
  path: Assets/Models/soldier.fbx
  artifactKey: Guid(d74bee49a80b97947b1444b382a87cbe) Importer(815301076,1909f56bfc062723c751e8b465ee728b)
Start importing Assets/Models/soldier.fbx using Guid(d74bee49a80b97947b1444b382a87cbe) Importer(815301076,1909f56bfc062723c751e8b465ee728b)  -> (artifact id: '84be62ae028baf51bb6c7bb5811dc610') in 0.206898 seconds 
  Import took 0.211478 seconds .

========================================================================
Received Import Request.
  Time since last request: 7.072033 seconds.
  path: Assets/Models/soldier.fbx
  artifactKey: Guid(d74bee49a80b97947b1444b382a87cbe) Importer(815301076,1909f56bfc062723c751e8b465ee728b)
Start importing Assets/Models/soldier.fbx using Guid(d74bee49a80b97947b1444b382a87cbe) Importer(815301076,1909f56bfc062723c751e8b465ee728b)  -> (artifact id: 'c780f2c4955c48ade94da090c2de6092') in 0.199058 seconds 
  Import took 0.204763 seconds .

========================================================================
Received Import Request.
  Time since last request: 17.757600 seconds.
  path: Assets/AnimationPack/Basic Shooter Pack
  artifactKey: Guid(b2b1815384dfe8c4e8d0b5738811c7f8) Importer(815301076,1909f56bfc062723c751e8b465ee728b)
Start importing Assets/AnimationPack/Basic Shooter Pack using Guid(b2b1815384dfe8c4e8d0b5738811c7f8) Importer(815301076,1909f56bfc062723c751e8b465ee728b)  -> (artifact id: 'b8cc4720b52c000a65e373af013d3ee9') in 0.018163 seconds 
  Import took 0.026700 seconds .

========================================================================
Received Import Request.
  Time since last request: 10.191316 seconds.
  path: Assets/AnimationPack/Basic Shooter Pack/rifle aiming idle.fbx
  artifactKey: Guid(c120742c5cb9a574bb61704f5bb14e9a) Importer(815301076,1909f56bfc062723c751e8b465ee728b)
Start importing Assets/AnimationPack/Basic Shooter Pack/rifle aiming idle.fbx using Guid(c120742c5cb9a574bb61704f5bb14e9a) Importer(815301076,1909f56bfc062723c751e8b465ee728b)  -> (artifact id: '529cf411362e4b9a8dbfdf9ebeffe4a4') in 0.021931 seconds 
  Import took 0.032161 seconds .

========================================================================
Received Import Request.
  Time since last request: 13.208529 seconds.
  path: Assets/AnimationPack/Basic Shooter Pack/rifle aiming idle.fbx
  artifactKey: Guid(c120742c5cb9a574bb61704f5bb14e9a) Importer(815301076,1909f56bfc062723c751e8b465ee728b)
Start importing Assets/AnimationPack/Basic Shooter Pack/rifle aiming idle.fbx using Guid(c120742c5cb9a574bb61704f5bb14e9a) Importer(815301076,1909f56bfc062723c751e8b465ee728b)  -> (artifact id: 'f0e87badfdc44ec95f09e6d7cb40bddd') in 0.022747 seconds 
  Import took 0.029223 seconds .

========================================================================
Received Import Request.
  Time since last request: 12.425860 seconds.
  path: Assets/AnimationPack/Basic Shooter Pack/rifle aiming idle.fbx
  artifactKey: Guid(c120742c5cb9a574bb61704f5bb14e9a) Importer(815301076,1909f56bfc062723c751e8b465ee728b)
Start importing Assets/AnimationPack/Basic Shooter Pack/rifle aiming idle.fbx using Guid(c120742c5cb9a574bb61704f5bb14e9a) Importer(815301076,1909f56bfc062723c751e8b465ee728b)  -> (artifact id: 'cb89bf086ef026fa6070090532bc3d28') in 0.011581 seconds 
  Import took 0.017016 seconds .

========================================================================
Received Import Request.
  Time since last request: 7.532026 seconds.
  path: Assets/Animators
  artifactKey: Guid(74a8903c14046fe4888fa85b9e86f932) Importer(815301076,1909f56bfc062723c751e8b465ee728b)
Start importing Assets/Animators using Guid(74a8903c14046fe4888fa85b9e86f932) Importer(815301076,1909f56bfc062723c751e8b465ee728b)  -> (artifact id: '9ccab3653227c917e5d2e38a93e1a7a9') in 0.017734 seconds 
  Import took 0.022729 seconds .

========================================================================
Received Import Request.
  Time since last request: 10.035752 seconds.
  path: Assets/Animators/SoldierAnimator.controller
  artifactKey: Guid(fcc3401cef71f954293cc85e72343467) Importer(815301076,1909f56bfc062723c751e8b465ee728b)
Start importing Assets/Animators/SoldierAnimator.controller using Guid(fcc3401cef71f954293cc85e72343467) Importer(815301076,1909f56bfc062723c751e8b465ee728b)  -> (artifact id: '8359fc087c84c7fb4d1f15e0c87fccb8') in 0.017992 seconds 
  Import took 0.026045 seconds .

========================================================================
Received Import Request.
  Time since last request: 0.153419 seconds.
  path: Assets/Animators/SoldierAnimator.controller
  artifactKey: Guid(fcc3401cef71f954293cc85e72343467) Importer(815301076,1909f56bfc062723c751e8b465ee728b)
Start importing Assets/Animators/SoldierAnimator.controller using Guid(fcc3401cef71f954293cc85e72343467) Importer(815301076,1909f56bfc062723c751e8b465ee728b)  -> (artifact id: 'dbdfeb98f4f0b5b3c2e8ba68d8934983') in 0.012054 seconds 
  Import took 0.017274 seconds .

========================================================================
Received Prepare
Registering precompiled user dll's ...
Registered in 0.003235 seconds.
Begin MonoManager ReloadAssembly
Native extension for WindowsStandalone target not found
Refreshing native plugins compatible for Editor in 0.46 ms, found 2 plugins.
Preloading 0 native plugins for Editor in 0.00 ms.
Mono: successfully reloaded assembly
- Completed reload, in  1.353 seconds
Domain Reload Profiling:
	ReloadAssembly (1353ms)
		BeginReloadAssembly (128ms)
			ExecutionOrderSort (0ms)
			DisableScriptedObjects (5ms)
			BackupInstance (0ms)
			ReleaseScriptingObjects (0ms)
			CreateAndSetChildDomain (41ms)
		EndReloadAssembly (1148ms)
			LoadAssemblies (96ms)
			RebuildTransferFunctionScriptingTraits (0ms)
			SetupTypeCache (427ms)
			ReleaseScriptCaches (1ms)
			RebuildScriptCaches (45ms)
			SetupLoadedEditorAssemblies (455ms)
				LogAssemblyErrors (0ms)
				InitializePlatformSupportModulesInManaged (7ms)
				SetLoadedEditorAssemblies (1ms)
				RefreshPlugins (1ms)
				BeforeProcessingInitializeOnLoad (92ms)
				ProcessInitializeOnLoadAttributes (342ms)
				ProcessInitializeOnLoadMethodAttributes (5ms)
				AfterProcessingInitializeOnLoad (8ms)
				EditorAssembliesLoaded (0ms)
			ExecutionOrderSort2 (0ms)
			AwakeInstancesAfterBackupRestoration (9ms)
Platform modules already initialized, skipping
Refreshing native plugins compatible for Editor in 0.46 ms, found 2 plugins.
Preloading 0 native plugins for Editor in 0.00 ms.
Unloading 1391 Unused Serialized files (Serialized files now loaded: 0)
System memory in use before: 82.0 MB.
System memory in use after: 82.1 MB.

Unloading 14 unused Assets to reduce memory usage. Loaded Objects now: 1876.
Total: 3.856300 ms (FindLiveObjects: 0.219400 ms CreateObjectMapping: 0.116300 ms MarkObjects: 3.492500 ms  DeleteObjects: 0.026400 ms)

AssetImportParameters requested are different than current active one (requested -> active):
  custom:framework-win-MediaFoundation: 216162199b28c13a410421893ffa2e32 -> 
  custom:video-decoder-ogg-theora: a1e56fd34408186e4bbccfd4996cb3dc -> 
  custom:container-muxer-webm: aa71ff27fc2769a1b78a27578f13a17b -> 
  custom:container-demuxer-webm: 4f35f7cbe854078d1ac9338744f61a02 -> 
  custom:container-demuxer-ogg: 62fdf1f143b41e24485cea50d1cbac27 -> 
  custom:video-encoder-webm-vp8: eb34c28f22e8b96e1ab97ce403110664 -> 
  custom:video-decoder-webm-vp8: 9c59270c3fd7afecdb556c50c9e8de78 -> 
  custom:audio-decoder-ogg-vorbis: bf7c407c2cedff20999df2af8eb42d56 -> 
  custom:audio-encoder-webm-vorbis: bf7c407c2cedff20999df2af8eb42d56 -> 
AssetImportWorkerClient::OnTransportError - code=2 error=End of file
